<?xml version="1.0" encoding="UTF-8"?>
<!-- Generated by org.testng.reporters.JUnitReportReporter -->
<testsuite hostname="DESKTOP-4UP0PNP" failures="0" tests="3" name="com.myntrajio.KidsProductTest.KidsProductTest" time="0.022" errors="0" timestamp="2024-08-29T15:43:59 IST" skipped="0">
  <testcase classname="com.myntrajio.KidsProductTest.KidsProductTest" name="addKidsproduct" time="0.007"/>
  <system-out>
    <![CDATA[ kid product added suscess]]>
  </system-out>
  <testcase classname="com.myntrajio.KidsProductTest.KidsProductTest" name="updateKidsproduct" time="0.009"/>
  <system-out>
    <![CDATA[ kid product updated suscess]]>
  </system-out>
  <testcase classname="com.myntrajio.KidsProductTest.KidsProductTest" name="removeKidsproduct" time="0.006"/>
  <system-out>
    <![CDATA[ kid product added suscess]]>
  </system-out>
</testsuite> <!-- com.myntrajio.KidsProductTest.KidsProductTest -->
