<?xml version="1.0" encoding="UTF-8"?>
<!-- Generated by org.testng.reporters.JUnitReportReporter -->
<testsuite hostname="DESKTOP-4UP0PNP" failures="0" tests="4" name="com.myntrajio.RegisterTest.RegisterTest" time="2.621" errors="0" timestamp="2024-09-11T17:10:53 IST" skipped="0">
  <testcase classname="com.myntrajio.RegisterTest.RegisterTest" name="registerValidData" time="2.602"/>
  <system-out>
    <![CDATA[Register With Valid Data Sucess]]>
  </system-out>
  <testcase classname="com.myntrajio.RegisterTest.RegisterTest" name="vaildRegisterButtonPostion" time="0.005"/>
  <system-out/>
  <testcase classname="com.myntrajio.RegisterTest.RegisterTest" name="vaildRegisterButtonSize" time="0.009"/>
  <system-out/>
  <testcase classname="com.myntrajio.RegisterTest.RegisterTest" name="vaildRegisterButtonColor" time="0.005"/>
  <system-out/>
</testsuite> <!-- com.myntrajio.RegisterTest.RegisterTest -->
