<?xml version="1.0" encoding="UTF-8"?>
<!-- Generated by org.testng.reporters.JUnitReportReporter -->
<testsuite hostname="DESKTOP-4UP0PNP" failures="0" tests="1" name="flipKart" time="31.610" errors="0" timestamp="2024-08-17T16:05:55 IST" skipped="0">
  <testcase classname="flipKart" name="mobiles" time="31.610"/>
  <system-out/>
</testsuite> <!-- flipKart -->
