<?xml version="1.0" encoding="UTF-8"?>
<!-- Generated by org.testng.reporters.JUnitReportReporter -->
<testsuite hostname="DESKTOP-4UP0PNP" failures="0" tests="3" name="com.myntrajio.KidsProductTest.KidsProductTest" time="0.009" errors="0" timestamp="2024-09-11T17:15:19 IST" skipped="0">
  <testcase classname="com.myntrajio.KidsProductTest.KidsProductTest" name="addKidsproduct" time="0.003"/>
  <system-out>
    <![CDATA[ kid product added suscess]]>
  </system-out>
  <testcase classname="com.myntrajio.KidsProductTest.KidsProductTest" name="updateKidsproduct" time="0.003"/>
  <system-out>
    <![CDATA[ kid product updated suscess]]>
  </system-out>
  <testcase classname="com.myntrajio.KidsProductTest.KidsProductTest" name="removeKidsproduct" time="0.003"/>
  <system-out>
    <![CDATA[ kid product added suscess]]>
  </system-out>
</testsuite> <!-- com.myntrajio.KidsProductTest.KidsProductTest -->
