<?xml version="1.0" encoding="UTF-8"?>
<!-- Generated by org.testng.reporters.JUnitReportReporter -->
<testsuite hostname="DESKTOP-4UP0PNP" failures="0" tests="4" name="com.myntrajio.RegisterTest.RegisterTest" time="13.081" errors="0" timestamp="2024-09-11T17:38:36 IST" skipped="0">
  <testcase classname="com.myntrajio.RegisterTest.RegisterTest" name="validateRegisterButtonPosition" time="0.004"/>
  <system-out>
    <![CDATA[RegisterButtonPositionValidated ]]>
  </system-out>
  <testcase classname="com.myntrajio.RegisterTest.RegisterTest" name="registerValidData" time="13.059"/>
  <system-out>
    <![CDATA[Register With Valid Data Sucess]]>
  </system-out>
  <testcase classname="com.myntrajio.RegisterTest.RegisterTest" name="validateRegisterButtonColor" time="0.008"/>
  <system-out>
    <![CDATA[RegisterButtonColor Validated ]]>
  </system-out>
  <testcase classname="com.myntrajio.RegisterTest.RegisterTest" name="validateRegisterButtonSize" time="0.010"/>
  <system-out>
    <![CDATA[RegisterButtonSize Validated ]]>
  </system-out>
</testsuite> <!-- com.myntrajio.RegisterTest.RegisterTest -->
