<?xml version="1.0" encoding="UTF-8"?>
<!-- Generated by org.testng.reporters.JUnitReportReporter -->
<testsuite hostname="DESKTOP-4UP0PNP" failures="0" tests="3" name="com.myntrajio.MensProductTest.MensProductTest" time="0.103" errors="0" timestamp="2024-09-11T17:15:19 IST" skipped="0">
  <testcase classname="com.myntrajio.MensProductTest.MensProductTest" name="updateMensproduct" time="0.002"/>
  <system-out>
    <![CDATA[men product  updated suscess]]>
  </system-out>
  <testcase classname="com.myntrajio.MensProductTest.MensProductTest" name="removeMensproduct" time="0.002"/>
  <system-out>
    <![CDATA[ men product  added suscess]]>
  </system-out>
  <testcase classname="com.myntrajio.MensProductTest.MensProductTest" name="addMensproduct" time="0.099"/>
  <system-out>
    <![CDATA[ men product  added suscess]]>
  </system-out>
</testsuite> <!-- com.myntrajio.MensProductTest.MensProductTest -->
