<?xml version="1.0" encoding="UTF-8"?>
<!-- Generated by org.testng.reporters.JUnitReportReporter -->
<testsuite hostname="DESKTOP-4UP0PNP" failures="0" tests="3" name="com.myntrajio.WomensProductTest.WomensProductTest" time="0.008" errors="0" timestamp="2024-09-11T17:15:19 IST" skipped="0">
  <testcase classname="com.myntrajio.WomensProductTest.WomensProductTest" name="updatewoproduct" time="0.004"/>
  <system-out>
    <![CDATA[ women product updated  suscess]]>
  </system-out>
  <testcase classname="com.myntrajio.WomensProductTest.WomensProductTest" name="removewoproduct" time="0.002"/>
  <system-out>
    <![CDATA[ women product added suscess]]>
  </system-out>
  <testcase classname="com.myntrajio.WomensProductTest.WomensProductTest" name="addwoproduct" time="0.002"/>
  <system-out>
    <![CDATA[ women product added  suscess]]>
  </system-out>
</testsuite> <!-- com.myntrajio.WomensProductTest.WomensProductTest -->
