<?xml version="1.0" encoding="UTF-8"?>
<!-- Generated by org.testng.reporters.JUnitReportReporter -->
<testsuite hostname="DESKTOP-4UP0PNP" failures="0" tests="3" name="com.myntrajio.ElectronicProductTest.ElectronicProductTest" time="0.021" errors="0" timestamp="2024-09-11T17:15:19 IST" skipped="0">
  <testcase classname="com.myntrajio.ElectronicProductTest.ElectronicProductTest" name="removeproduct" time="0.013"/>
  <system-out>
    <![CDATA[product added Electronic suscess]]>
  </system-out>
  <testcase classname="com.myntrajio.ElectronicProductTest.ElectronicProductTest" name="addproduct" time="0.006"/>
  <system-out>
    <![CDATA[product added Electronicsuscess]]>
  </system-out>
  <testcase classname="com.myntrajio.ElectronicProductTest.ElectronicProductTest" name="updateproduct" time="0.002"/>
  <system-out>
    <![CDATA[product updated Electronic suscess]]>
  </system-out>
</testsuite> <!-- com.myntrajio.ElectronicProductTest.ElectronicProductTest -->
